<?xml version="1.0" encoding="UTF-8"?>
<!-- Generated by org.testng.reporters.JUnitXMLReporter -->
<testsuite ignored="0" hostname="LAPTOP-BH9IM1PN" failures="0" tests="4" name="Default test" time="0.162" errors="0" timestamp="2023-08-02T00:50:03 IST">
  <testcase classname="b35DifferentreturntypesofDataProvider.dIteratorObject" name="sample" time="0.015"/>
  <testcase classname="b35DifferentreturntypesofDataProvider.dIteratorObject" name="sample" time="0.005"/>
  <testcase classname="b35DifferentreturntypesofDataProvider.dIteratorObject" name="sample" time="0.003"/>
  <testcase classname="b35DifferentreturntypesofDataProvider.dIteratorObject" name="sample" time="0.002"/>
</testsuite> <!-- Default test -->
