<?xml version="1.0" encoding="UTF-8"?>
<!-- Generated by org.testng.reporters.JUnitXMLReporter -->
<testsuite ignored="0" hostname="LAPTOP-BH9IM1PN" failures="0" tests="10" name="Default test" time="33.364" errors="0" timestamp="2023-08-05T10:39:03 IST">
  <testcase classname="b59threadPoolSizeattribute.aDemo" name="sample" time="8.781"/>
  <testcase classname="b59threadPoolSizeattribute.aDemo" name="sample" time="9.377"/>
  <testcase classname="b59threadPoolSizeattribute.aDemo" name="sample" time="5.907"/>
  <testcase classname="b59threadPoolSizeattribute.aDemo" name="sample" time="6.852"/>
  <testcase classname="b59threadPoolSizeattribute.aDemo" name="sample" time="5.899"/>
  <testcase classname="b59threadPoolSizeattribute.aDemo" name="sample" time="6.001"/>
  <testcase classname="b59threadPoolSizeattribute.aDemo" name="sample" time="5.643"/>
  <testcase classname="b59threadPoolSizeattribute.aDemo" name="sample" time="5.522"/>
  <testcase classname="b59threadPoolSizeattribute.aDemo" name="sample" time="5.665"/>
  <testcase classname="b59threadPoolSizeattribute.aDemo" name="sample" time="6.038"/>
</testsuite> <!-- Default test -->
