<?xml version="1.0" encoding="UTF-8"?>
<!-- Generated by org.testng.reporters.JUnitXMLReporter -->
<testsuite ignored="0" hostname="LAPTOP-BH9IM1PN" failures="2" tests="5" name="LoginTest" time="1.235" errors="0" timestamp="2023-08-03T09:04:47 IST">
  <testcase classname="b65onStartandonFinishITestListenermethods.aLogin" name="loginwithvalididandvalidpassword" time="0.022"/>
  <testcase classname="b65onStartandonFinishITestListenermethods.aLogin" name="loginwithInvalididandvalidpassword" time="0.025">
    <failure type="java.lang.AssertionError" message="expected [true] but found [false]">
      <![CDATA[java.lang.AssertionError: expected [true] but found [false]
at b65onStartandonFinishITestListenermethods.aLogin.loginwithInvalididandvalidpassword(aLogin.java:32)
at java.base/java.util.ArrayList.forEach(ArrayList.java:1511)
... Removed 31 stack frames]]>
    </failure>
  </testcase> <!-- loginwithInvalididandvalidpassword -->
  <testcase classname="b65onStartandonFinishITestListenermethods.aLogin" name="loginwithvalididandInvalidpassword" time="1.026">
    <failure type="org.testng.internal.thread.ThreadTimeoutException" message="Method b65onStartandonFinishITestListenermethods.aLogin.loginwithvalididandInvalidpassword() didn&amp;apos;t finish within the time-out 1000">
      <![CDATA[org.testng.internal.thread.ThreadTimeoutException: Method b65onStartandonFinishITestListenermethods.aLogin.loginwithvalididandInvalidpassword() didn't finish within the time-out 1000
at java.base@17.0.4.1/java.lang.Thread.sleep(Native Method)
at app//b65onStartandonFinishITestListenermethods.aLogin.loginwithvalididandInvalidpassword(aLogin.java:38)
at java.base@17.0.4.1/java.util.concurrent.FutureTask.run(FutureTask.java:264)
at java.base@17.0.4.1/java.util.concurrent.ThreadPoolExecutor.runWorker(ThreadPoolExecutor.java:1136)
at java.base@17.0.4.1/java.util.concurrent.ThreadPoolExecutor$Worker.run(ThreadPoolExecutor.java:635)
at java.base@17.0.4.1/java.lang.Thread.run(Thread.java:833)
... Removed 8 stack frames]]>
    </failure>
  </testcase> <!-- loginwithvalididandInvalidpassword -->
  <testcase classname="b65onStartandonFinishITestListenermethods.aLogin" name="loginwithInvalididandInvalidpassword" time="0.0">
    <skipped/>
  </testcase> <!-- loginwithInvalididandInvalidpassword -->
  <testcase classname="b65onStartandonFinishITestListenermethods.aLogin" name="loginwithNoidandNopassword" time="0.003"/>
</testsuite> <!-- LoginTest -->
