<?xml version="1.0" encoding="UTF-8"?>
<!-- Generated by org.testng.reporters.JUnitXMLReporter -->
<testsuite ignored="0" hostname="LAPTOP-BH9IM1PN" failures="0" tests="5" name="LoginTest" time="0.181" errors="0" timestamp="2023-07-31T21:48:18 IST">
  <testcase classname="b18GroupingTestsbyUsinggroupsAttributeinTestNG.aLogin" name="loginwithvalididandvalidpassword" time="0.023"/>
  <testcase classname="b18GroupingTestsbyUsinggroupsAttributeinTestNG.aLogin" name="loginwithInvalididandvalidpassword" time="0.003"/>
  <testcase classname="b18GroupingTestsbyUsinggroupsAttributeinTestNG.aLogin" name="loginwithvalididandInvalidpassword" time="0.003"/>
  <testcase classname="b18GroupingTestsbyUsinggroupsAttributeinTestNG.aLogin" name="loginwithInvalididandInvalidpassword" time="0.002"/>
  <testcase classname="b18GroupingTestsbyUsinggroupsAttributeinTestNG.aLogin" name="loginwithNoidandNopassword" time="0.003"/>
</testsuite> <!-- LoginTest -->
