<?xml version="1.0" encoding="UTF-8"?>
<!-- Generated by org.testng.reporters.JUnitXMLReporter -->
<testsuite ignored="0" hostname="LAPTOP-BH9IM1PN" failures="0" tests="4" name="RegisterTest" time="0.037" errors="0" timestamp="2023-08-03T09:04:47 IST">
  <testcase classname="b65onStartandonFinishITestListenermethods.bRegister" name="registerwithAllfields" time="0.003"/>
  <testcase classname="b65onStartandonFinishITestListenermethods.bRegister" name="registerwithAnyfields" time="0.002"/>
  <testcase classname="b65onStartandonFinishITestListenermethods.bRegister" name="registerwithDuplicatefields" time="0.002"/>
  <testcase classname="b65onStartandonFinishITestListenermethods.bRegister" name="registerwithMandatoryfields" time="0.003"/>
</testsuite> <!-- RegisterTest -->
