<?xml version="1.0" encoding="UTF-8"?>
<!-- Generated by org.testng.reporters.JUnitXMLReporter -->
<testsuite ignored="0" hostname="LAPTOP-BH9IM1PN" failures="0" tests="3" name="SearchTest" time="0.019" errors="0" timestamp="2023-08-03T09:04:48 IST">
  <testcase classname="b65onStartandonFinishITestListenermethods.cSearch" name="serachwithEmptyProduct" time="0.002"/>
  <testcase classname="b65onStartandonFinishITestListenermethods.cSearch" name="serachwithInvalidProduct" time="0.002"/>
  <testcase classname="b65onStartandonFinishITestListenermethods.cSearch" name="serachwithValidProduct" time="0.003"/>
</testsuite> <!-- SearchTest -->
