<?xml version="1.0" encoding="UTF-8"?>
<!-- Generated by org.testng.reporters.JUnitXMLReporter -->
<testsuite ignored="0" hostname="LAPTOP-BH9IM1PN" failures="0" tests="3" name="SearchTest" time="0.021" errors="0" timestamp="2023-08-02T17:23:03 IST">
  <testcase classname="b46paralleltestswontworkforparallelexecutionattesttaglevel.cSearch" name="serachwithEmptyProduct" time="0.003"/>
  <testcase classname="b46paralleltestswontworkforparallelexecutionattesttaglevel.cSearch" name="serachwithInvalidProduct" time="0.003"/>
  <testcase classname="b46paralleltestswontworkforparallelexecutionattesttaglevel.cSearch" name="serachwithValidProduct" time="0.002"/>
</testsuite> <!-- SearchTest -->
