<?xml version="1.0" encoding="UTF-8"?>
<!-- Generated by org.testng.reporters.JUnitXMLReporter -->
<testsuite ignored="0" hostname="LAPTOP-BH9IM1PN" failures="0" tests="9" name="Testone" time="0.181" errors="0" timestamp="2023-08-05T10:33:43 IST">
  <testcase classname="b56Defaultthreadcountwhenparallelattributeisonlymentioned.aLogin" name="loginwithInvalididandInvalidpassword" time="0.023"/>
  <testcase classname="b56Defaultthreadcountwhenparallelattributeisonlymentioned.aLogin" name="loginwithvalididandvalidpassword" time="0.023"/>
  <testcase classname="b56Defaultthreadcountwhenparallelattributeisonlymentioned.aLogin" name="loginwithInvalididandvalidpassword" time="0.023"/>
  <testcase classname="b56Defaultthreadcountwhenparallelattributeisonlymentioned.aLogin" name="loginwithNoidandNopassword" time="0.023"/>
  <testcase classname="b56Defaultthreadcountwhenparallelattributeisonlymentioned.aLogin" name="loginwithvalididandInvalidpassword" time="0.023"/>
  <testcase classname="b56Defaultthreadcountwhenparallelattributeisonlymentioned.bRegister" name="registerwithDuplicatefields" time="0.012"/>
  <testcase classname="b56Defaultthreadcountwhenparallelattributeisonlymentioned.bRegister" name="registerwithMandatoryfields" time="0.009"/>
  <testcase classname="b56Defaultthreadcountwhenparallelattributeisonlymentioned.bRegister" name="registerwithAnyfields" time="0.007"/>
  <testcase classname="b56Defaultthreadcountwhenparallelattributeisonlymentioned.bRegister" name="registerwithAllfields" time="0.016"/>
</testsuite> <!-- Testone -->
