<?xml version="1.0" encoding="UTF-8"?>
<!-- Generated by org.testng.reporters.JUnitXMLReporter -->
<testsuite ignored="0" hostname="LAPTOP-BH9IM1PN" failures="0" tests="12" name="Test" time="0.244" errors="0" timestamp="2023-07-31T21:05:47 IST">
  <testcase classname="b18GroupingTestsbyUsinggroupsAttributeinTestNG.cSearch" name="serachwithValidProduct" time="0.023"/>
  <testcase classname="b18GroupingTestsbyUsinggroupsAttributeinTestNG.cSearch" name="serachwithInvalidProduct" time="0.003"/>
  <testcase classname="b18GroupingTestsbyUsinggroupsAttributeinTestNG.cSearch" name="serachwithEmptyProduct" time="0.002"/>
  <testcase classname="b18GroupingTestsbyUsinggroupsAttributeinTestNG.aLogin" name="loginwithvalididandvalidpassword" time="0.003"/>
  <testcase classname="b18GroupingTestsbyUsinggroupsAttributeinTestNG.aLogin" name="loginwithInvalididandvalidpassword" time="0.003"/>
  <testcase classname="b18GroupingTestsbyUsinggroupsAttributeinTestNG.aLogin" name="loginwithvalididandInvalidpassword" time="0.003"/>
  <testcase classname="b18GroupingTestsbyUsinggroupsAttributeinTestNG.aLogin" name="loginwithInvalididandInvalidpassword" time="0.003"/>
  <testcase classname="b18GroupingTestsbyUsinggroupsAttributeinTestNG.aLogin" name="loginwithNoidandNopassword" time="0.003"/>
  <testcase classname="b18GroupingTestsbyUsinggroupsAttributeinTestNG.bRegister" name="registerwithMandatoryfields" time="0.003"/>
  <testcase classname="b18GroupingTestsbyUsinggroupsAttributeinTestNG.bRegister" name="registerwithAllfields" time="0.003"/>
  <testcase classname="b18GroupingTestsbyUsinggroupsAttributeinTestNG.bRegister" name="registerwithDuplicatefields" time="0.002"/>
  <testcase classname="b18GroupingTestsbyUsinggroupsAttributeinTestNG.bRegister" name="registerwithAnyfields" time="0.002"/>
</testsuite> <!-- Test -->
