<?xml version="1.0" encoding="UTF-8"?>
<!-- Generated by org.testng.reporters.JUnitXMLReporter -->
<testsuite ignored="2" hostname="LAPTOP-BH9IM1PN" failures="0" tests="3" name="TestOne" time="12.967" errors="0" timestamp="2023-07-31T16:04:52 IST">
  <testcase classname="b10TestNGAnnotations.aDemo" name="validIdandvalidPassswordCredentials" time="0.928"/>
  <testcase classname="b10TestNGAnnotations.aDemo" name="InvalidIdandInvalidPassswordCredentials" time="0.793"/>
  <testcase classname="b10TestNGAnnotations.aDemo" name="validIdandInvalidPassswordCredentials" time="0.85"/>
  <testcase classname="b10TestNGAnnotations.aDemo" name="EmptyIdandEmptyPassswordCredentials" time="0.0">
    <ignored/>
  </testcase> <!-- EmptyIdandEmptyPassswordCredentials -->
  <testcase classname="b10TestNGAnnotations.aDemo" name="InvalidIdandvalidPassswordCredentials" time="0.0">
    <ignored/>
  </testcase> <!-- InvalidIdandvalidPassswordCredentials -->
</testsuite> <!-- TestOne -->
