<?xml version="1.0" encoding="UTF-8"?>
<!-- Generated by org.testng.reporters.JUnitXMLReporter -->
<testsuite ignored="0" hostname="LAPTOP-BH9IM1PN" failures="0" tests="6" name="Testtwo" time="0.029" errors="0" timestamp="2023-08-05T10:33:43 IST">
  <testcase classname="b56Defaultthreadcountwhenparallelattributeisonlymentioned.cSearch2" name="serachwithEmptyProduct" time="0.009"/>
  <testcase classname="b56Defaultthreadcountwhenparallelattributeisonlymentioned.cSearch2" name="serachwithInvalidProduct" time="0.006"/>
  <testcase classname="b56Defaultthreadcountwhenparallelattributeisonlymentioned.cSearch" name="serachwithInvalidProduct" time="0.004"/>
  <testcase classname="b56Defaultthreadcountwhenparallelattributeisonlymentioned.cSearch" name="serachwithEmptyProduct" time="0.003"/>
  <testcase classname="b56Defaultthreadcountwhenparallelattributeisonlymentioned.cSearch2" name="serachwithValidProduct" time="0.012"/>
  <testcase classname="b56Defaultthreadcountwhenparallelattributeisonlymentioned.cSearch" name="serachwithValidProduct" time="0.005"/>
</testsuite> <!-- Testtwo -->
